#
# A fatal error has been detected by the Java Runtime Environment:
#
#  SIGSEGV (0xb) at pc=0xb334769d, pid=8430, tid=2283465536
#
# JRE version: OpenJDK Runtime Environment (7.0_75-b13) (build 1.7.0_75-b13)
# Java VM: OpenJDK Server VM (24.75-b04 mixed mode linux-x86 )
# Derivative: IcedTea 2.5.4
# Distribution: Ubuntu 14.04 LTS, package 7u75-2.5.4-1~trusty1
# Problematic frame:
# v  ~BufferBlob::jni_fast_GetLongField
#
# Failed to write core dump. Core dumps have been disabled. To enable core dumping, try "ulimit -c unlimited" before starting Java again
#
# If you would like to submit a bug report, please include
# instructions on how to reproduce the bug and visit:
#   http://icedtea.classpath.org/bugzilla
# The crash happened outside the Java Virtual Machine in native code.
# See problematic frame for where to report the bug.
#

---------------  T H R E A D  ---------------

Current thread (0x88260c00):  JavaThread "AWT-XAWT" daemon [_thread_in_native, id=8446, stack(0x8815e000,0x881af000)]

siginfo:si_signo=SIGSEGV: si_errno=0, si_code=1 (SEGV_MAPERR), si_addr=0x00000000

Registers:
EAX=0x00000000, EBX=0x88d1d000, ECX=0x00000188, EDX=0x00000000
ESP=0x881ade18, EBP=0x881ade68, ESI=0x00000042, EDI=0x88260d28
EIP=0xb334769d, EFLAGS=0x00010246, CR2=0x00000000

Top of Stack: (sp=0x881ade18)
0x881ade18:   00000000 88cef823 88260d28 00000000
0x881ade28:   00000042 88924000 892c4168 b7633fe8
0x881ade38:   88924000 88260d28 892c4174 8acfc098
0x881ade48:   881ade68 88cef8f4 b70d4140 00010002
0x881ade58:   88cef7ff 88cd1000 87ebf450 00000000
0x881ade68:   87ebef18 88bfde18 87ebef18 00000000
0x881ade78:   00000000 88cd1000 88cd1000 892c3820
0x881ade88:   88bfddb9 88cd1000 87ebf320 00e00003 

Instructions: (pc=0xb334769d)
0xb334767d:   00 00 00 56 8b 0d e4 f2 0e b7 f6 c1 01 0f 85 30
0xb334768d:   00 00 00 8b c1 83 e0 01 8b 54 04 0c 8b 74 24 10
0xb334769d:   8b 12 c1 ee 02 8b 04 32 8b 54 32 04 be e4 f2 0e
0xb33476ad:   b7 33 f2 33 f0 33 f2 33 f0 3b 0e 0f 85 02 00 00 

Register to memory mapping:

EAX=0x00000000 is an unknown value
EBX=0x88d1d000: <offset 0x49000> in /usr/lib/jvm/java-7-openjdk-i386/jre/lib/i386/xawt/libmawt.so at 0x88cd4000
ECX=0x00000188 is an unknown value
EDX=0x00000000 is an unknown value
ESP=0x881ade18 is pointing into the stack for thread: 0x88260c00
EBP=0x881ade68 is pointing into the stack for thread: 0x88260c00
ESI=0x00000042 is an unknown value
EDI=0x88260d28 is an unknown value


Stack: [0x8815e000,0x881af000],  sp=0x881ade18,  free space=319k
Native frames: (J=compiled Java code, j=interpreted, Vv=VM code, C=native code)
v  ~BufferBlob::jni_fast_GetLongField

Java frames: (J=compiled Java code, j=interpreted, Vv=VM code)
j  sun.awt.X11.XlibWrapper.XFilterEvent(JJ)Z+0
j  sun.awt.X11.XToolkit.run(Z)V+300
j  sun.awt.X11.XToolkit.run()V+5
j  java.lang.Thread.run()V+11
v  ~StubRoutines::call_stub

---------------  P R O C E S S  ---------------

Java Threads: ( => current thread )
  0x87ecc800 JavaThread "TimerQueue" daemon [_thread_blocked, id=8595, stack(0x87baf000,0x87c00000)]
  0xb6307800 JavaThread "DestroyJavaVM" [_thread_blocked, id=8434, stack(0xb64f1000,0xb6542000)]
  0x87e26400 JavaThread "Abandoned connection cleanup thread" daemon [_thread_blocked, id=8564, stack(0x87f80000,0x87fd1000)]
  0x882a6c00 JavaThread "AWT-EventQueue-0" [_thread_blocked, id=8457, stack(0x87fd1000,0x88022000)]
  0x882d5800 JavaThread "AWT-Shutdown" [_thread_blocked, id=8456, stack(0x88022000,0x88073000)]
=>0x88260c00 JavaThread "AWT-XAWT" daemon [_thread_in_native, id=8446, stack(0x8815e000,0x881af000)]
  0x8824d800 JavaThread "Java2D Disposer" daemon [_thread_blocked, id=8445, stack(0x881af000,0x88200000)]
  0x8922d800 JavaThread "Service Thread" daemon [_thread_blocked, id=8443, stack(0x88e5c000,0x88ead000)]
  0x8922bc00 JavaThread "C2 CompilerThread1" daemon [_thread_blocked, id=8442, stack(0x88ead000,0x88f2e000)]
  0x89229c00 JavaThread "C2 CompilerThread0" daemon [_thread_blocked, id=8441, stack(0x88f2e000,0x88faf000)]
  0x89228400 JavaThread "Signal Dispatcher" daemon [_thread_blocked, id=8440, stack(0x88faf000,0x89000000)]
  0x89215000 JavaThread "Finalizer" daemon [_thread_blocked, id=8439, stack(0x8932d000,0x8937e000)]
  0x89213800 JavaThread "Reference Handler" daemon [_thread_blocked, id=8438, stack(0x8937e000,0x893cf000)]

Other Threads:
  0x89210c00 VMThread [stack: 0x8ad24000,0x8ada5000] [id=8437]
  0x8922f800 WatcherThread [stack: 0x88ddb000,0x88e5c000] [id=8444]

VM state:not at safepoint (normal execution)

VM Mutex/Monitor currently owned by a thread: None

Heap
 PSYoungGen      total 9472K, used 7503K [0xa8780000, 0xa9880000, 0xb3240000)
  eden space 8192K, 76% used [0xa8780000,0xa8d957f8,0xa8f80000)
  from space 1280K, 99% used [0xa8f80000,0xa90be568,0xa90c0000)
  to   space 4608K, 0% used [0xa9400000,0xa9400000,0xa9880000)
 ParOldGen       total 20992K, used 12035K [0x93240000, 0x946c0000, 0xa8780000)
  object space 20992K, 57% used [0x93240000,0x93e00f88,0x946c0000)
 PSPermGen       total 16384K, used 12344K [0x8b240000, 0x8c240000, 0x93240000)
  object space 16384K, 75% used [0x8b240000,0x8be4e080,0x8c240000)

Card table byte_map: [0x8b0ff000,0x8b240000] byte_map_base: 0x8aca5e00

Polling page: 0xb76f4000

Code Cache  [0xb3300000, 0xb3540000, 0xb6300000)
 total_blobs=545 nmethods=283 adapters=216 free_code_cache=48362Kb largest_free_block=49500160

Compilation events (10 events):
Event: 25,236 Thread 0x89229c00  285             com.mysql.jdbc.ResultSetImpl::getString (107 bytes)
Event: 25,239 Thread 0x89229c00 nmethod 285 0xb33c6848 code [0xb33c6960, 0xb33c6ac4]
Event: 143,972 Thread 0x8922bc00  286             sun.util.logging.PlatformLogger::isLoggable (38 bytes)
Event: 143,975 Thread 0x8922bc00 nmethod 286 0xb33c5e88 code [0xb33c5fa0, 0xb33c60d0]
Event: 144,974 Thread 0x89229c00  287             sun.util.logging.PlatformLogger::isLoggable (9 bytes)
Event: 144,979 Thread 0x89229c00 nmethod 287 0xb33c57c8 code [0xb33c5900, 0xb33c5ba4]
Event: 447,240 Thread 0x8922bc00  288             sun.awt.X11.XEvent::get_type (18 bytes)
Event: 447,244 Thread 0x8922bc00 nmethod 288 0xb33c5208 code [0xb33c5340, 0xb33c54e4]
Event: 507,188 Thread 0x89229c00  289             java.lang.ref.ReferenceQueue::reallyPoll (69 bytes)
Event: 507,189 Thread 0x89229c00 nmethod 289 0xb33c5048 code [0xb33c5140, 0xb33c51b0]

GC Heap History (10 events):
Event: 8,659 GC heap before
{Heap before GC invocations=1 (full 0):
 PSYoungGen      total 9472K, used 8192K [0xa8780000, 0xa9200000, 0xb3240000)
  eden space 8192K, 100% used [0xa8780000,0xa8f80000,0xa8f80000)
  from space 1280K, 0% used [0xa90c0000,0xa90c0000,0xa9200000)
  to   space 1280K, 0% used [0xa8f80000,0xa8f80000,0xa90c0000)
 ParOldGen       total 20992K, used 0K [0x93240000, 0x946c0000, 0xa8780000)
  object space 20992K, 0% used [0x93240000,0x93240000,0x946c0000)
 PSPermGen       total 16384K, used 10275K [0x8b240000, 0x8c240000, 0x93240000)
  object space 16384K, 62% used [0x8b240000,0x8bc48ee8,0x8c240000)
Event: 8,675 GC heap after
Heap after GC invocations=1 (full 0):
 PSYoungGen      total 9472K, used 1268K [0xa8780000, 0xa9200000, 0xb3240000)
  eden space 8192K, 0% used [0xa8780000,0xa8780000,0xa8f80000)
  from space 1280K, 99% used [0xa8f80000,0xa90bd3a8,0xa90c0000)
  to   space 1280K, 0% used [0xa90c0000,0xa90c0000,0xa9200000)
 ParOldGen       total 20992K, used 1515K [0x93240000, 0x946c0000, 0xa8780000)
  object space 20992K, 7% used [0x93240000,0x933baf58,0x946c0000)
 PSPermGen       total 16384K, used 10275K [0x8b240000, 0x8c240000, 0x93240000)
  object space 16384K, 62% used [0x8b240000,0x8bc48ee8,0x8c240000)
}
Event: 17,306 GC heap before
{Heap before GC invocations=2 (full 0):
 PSYoungGen      total 9472K, used 9460K [0xa8780000, 0xa9200000, 0xb3240000)
  eden space 8192K, 100% used [0xa8780000,0xa8f80000,0xa8f80000)
  from space 1280K, 99% used [0xa8f80000,0xa90bd3a8,0xa90c0000)
  to   space 1280K, 0% used [0xa90c0000,0xa90c0000,0xa9200000)
 ParOldGen       total 20992K, used 1515K [0x93240000, 0x946c0000, 0xa8780000)
  object space 20992K, 7% used [0x93240000,0x933baf58,0x946c0000)
 PSPermGen       total 16384K, used 12178K [0x8b240000, 0x8c240000, 0x93240000)
  object space 16384K, 74% used [0x8b240000,0x8be24910,0x8c240000)
Event: 17,325 GC heap after
Heap after GC invocations=2 (full 0):
 PSYoungGen      total 9472K, used 1273K [0xa8780000, 0xa9200000, 0xb3240000)
  eden space 8192K, 0% used [0xa8780000,0xa8780000,0xa8f80000)
  from space 1280K, 99% used [0xa90c0000,0xa91fe458,0xa9200000)
  to   space 1280K, 0% used [0xa8f80000,0xa8f80000,0xa90c0000)
 ParOldGen       total 20992K, used 3978K [0x93240000, 0x946c0000, 0xa8780000)
  object space 20992K, 18% used [0x93240000,0x93622bc8,0x946c0000)
 PSPermGen       total 16384K, used 12178K [0x8b240000, 0x8c240000, 0x93240000)
  object space 16384K, 74% used [0x8b240000,0x8be24910,0x8c240000)
}
Event: 18,038 GC heap before
{Heap before GC invocations=3 (full 0):
 PSYoungGen      total 9472K, used 9465K [0xa8780000, 0xa9200000, 0xb3240000)
  eden space 8192K, 100% used [0xa8780000,0xa8f80000,0xa8f80000)
  from space 1280K, 99% used [0xa90c0000,0xa91fe458,0xa9200000)
  to   space 1280K, 0% used [0xa8f80000,0xa8f80000,0xa90c0000)
 ParOldGen       total 20992K, used 3978K [0x93240000, 0x946c0000, 0xa8780000)
  object space 20992K, 18% used [0x93240000,0x93622bc8,0x946c0000)
 PSPermGen       total 16384K, used 12233K [0x8b240000, 0x8c240000, 0x93240000)
  object space 16384K, 74% used [0x8b240000,0x8be324e8,0x8c240000)
Event: 18,054 GC heap after
Heap after GC invocations=3 (full 0):
 PSYoungGen      total 9472K, used 1273K [0xa8780000, 0xa9200000, 0xb3240000)
  eden space 8192K, 0% used [0xa8780000,0xa8780000,0xa8f80000)
  from space 1280K, 99% used [0xa8f80000,0xa90be538,0xa90c0000)
  to   space 1280K, 0% used [0xa90c0000,0xa90c0000,0xa9200000)
 ParOldGen       total 20992K, used 6912K [0x93240000, 0x946c0000, 0xa8780000)
  object space 20992K, 32% used [0x93240000,0x93900120,0x946c0000)
 PSPermGen       total 16384K, used 12233K [0x8b240000, 0x8c240000, 0x93240000)
  object space 16384K, 74% used [0x8b240000,0x8be324e8,0x8c240000)
}
Event: 21,395 GC heap before
{Heap before GC invocations=4 (full 0):
 PSYoungGen      total 9472K, used 9465K [0xa8780000, 0xa9200000, 0xb3240000)
  eden space 8192K, 100% used [0xa8780000,0xa8f80000,0xa8f80000)
  from space 1280K, 99% used [0xa8f80000,0xa90be538,0xa90c0000)
  to   space 1280K, 0% used [0xa90c0000,0xa90c0000,0xa9200000)
 ParOldGen       total 20992K, used 6912K [0x93240000, 0x946c0000, 0xa8780000)
  object space 20992K, 32% used [0x93240000,0x93900120,0x946c0000)
 PSPermGen       total 16384K, used 12308K [0x8b240000, 0x8c240000, 0x93240000)
  object space 16384K, 75% used [0x8b240000,0x8be450e0,0x8c240000)
Event: 21,410 GC heap after
Heap after GC invocations=4 (full 0):
 PSYoungGen      total 9472K, used 1273K [0xa8780000, 0xa9200000, 0xb3240000)
  eden space 8192K, 0% used [0xa8780000,0xa8780000,0xa8f80000)
  from space 1280K, 99% used [0xa90c0000,0xa91fe498,0xa9200000)
  to   space 1280K, 0% used [0xa8f80000,0xa8f80000,0xa90c0000)
 ParOldGen       total 20992K, used 9316K [0x93240000, 0x946c0000, 0xa8780000)
  object space 20992K, 44% used [0x93240000,0x93b59350,0x946c0000)
 PSPermGen       total 16384K, used 12308K [0x8b240000, 0x8c240000, 0x93240000)
  object space 16384K, 75% used [0x8b240000,0x8be450e0,0x8c240000)
}
Event: 23,575 GC heap before
{Heap before GC invocations=5 (full 0):
 PSYoungGen      total 9472K, used 9465K [0xa8780000, 0xa9200000, 0xb3240000)
  eden space 8192K, 100% used [0xa8780000,0xa8f80000,0xa8f80000)
  from space 1280K, 99% used [0xa90c0000,0xa91fe498,0xa9200000)
  to   space 1280K, 0% used [0xa8f80000,0xa8f80000,0xa90c0000)
 ParOldGen       total 20992K, used 9316K [0x93240000, 0x946c0000, 0xa8780000)
  object space 20992K, 44% used [0x93240000,0x93b59350,0x946c0000)
 PSPermGen       total 16384K, used 12320K [0x8b240000, 0x8c240000, 0x93240000)
  object space 16384K, 75% used [0x8b240000,0x8be48388,0x8c240000)
Event: 23,610 GC heap after
Heap after GC invocations=5 (full 0):
 PSYoungGen      total 9472K, used 1273K [0xa8780000, 0xa9880000, 0xb3240000)
  eden space 8192K, 0% used [0xa8780000,0xa8780000,0xa8f80000)
  from space 1280K, 99% used [0xa8f80000,0xa90be568,0xa90c0000)
  to   space 4608K, 0% used [0xa9400000,0xa9400000,0xa9880000)
 ParOldGen       total 20992K, used 12035K [0x93240000, 0x946c0000, 0xa8780000)
  object space 20992K, 57% used [0x93240000,0x93e00f88,0x946c0000)
 PSPermGen       total 16384K, used 12320K [0x8b240000, 0x8c240000, 0x93240000)
  object space 16384K, 75% used [0x8b240000,0x8be48388,0x8c240000)
}

Deoptimization events (10 events):
Event: 18,139 Thread 0x882a6c00 Uncommon trap: reason=class_check action=maybe_recompile pc=0xb338f6a4 method=java.util.concurrent.ConcurrentHashMap.get(Ljava/lang/Object;)Ljava/lang/Object; @ 117
Event: 18,139 Thread 0x882a6c00 Uncommon trap: reason=class_check action=maybe_recompile pc=0xb338f6a4 method=java.util.concurrent.ConcurrentHashMap.get(Ljava/lang/Object;)Ljava/lang/Object; @ 117
Event: 18,139 Thread 0x882a6c00 Uncommon trap: reason=class_check action=maybe_recompile pc=0xb338f6a4 method=java.util.concurrent.ConcurrentHashMap.get(Ljava/lang/Object;)Ljava/lang/Object; @ 117
Event: 18,177 Thread 0x88260c00 Uncommon trap: reason=class_check action=maybe_recompile pc=0xb338f134 method=java.lang.ThreadLocal.get()Ljava/lang/Object; @ 6
Event: 18,178 Thread 0x88260c00 Uncommon trap: reason=class_check action=maybe_recompile pc=0xb338f134 method=java.lang.ThreadLocal.get()Ljava/lang/Object; @ 6
Event: 18,189 Thread 0x88260c00 Uncommon trap: reason=unreached action=reinterpret pc=0xb3399c14 method=java.util.HashMap.containsKey(Ljava/lang/Object;)Z @ 5
Event: 18,303 Thread 0x882a6c00 Uncommon trap: reason=class_check action=maybe_recompile pc=0xb338f134 method=java.lang.ThreadLocal.get()Ljava/lang/Object; @ 6
Event: 18,303 Thread 0x882a6c00 Uncommon trap: reason=class_check action=maybe_recompile pc=0xb338f134 method=java.lang.ThreadLocal.get()Ljava/lang/Object; @ 6
Event: 21,220 Thread 0x88250400 Uncommon trap: reason=class_check action=maybe_recompile pc=0xb335b218 method=java.util.Hashtable.remove(Ljava/lang/Object;)Ljava/lang/Object; @ 49
Event: 25,036 Thread 0x88250400 Uncommon trap: reason=class_check action=maybe_recompile pc=0xb335b218 method=java.util.Hashtable.remove(Ljava/lang/Object;)Ljava/lang/Object; @ 49

Internal exceptions (10 events):
Event: 20,118 Thread 0x882a6c00 Threw 0xa8a93620 at /build/buildd/openjdk-7-7u75-2.5.4/build/openjdk/hotspot/src/share/vm/prims/jvm.cpp:1284
Event: 20,123 Thread 0x882a6c00 Threw 0xa8a9b0e0 at /build/buildd/openjdk-7-7u75-2.5.4/build/openjdk/hotspot/src/share/vm/prims/jvm.cpp:1284
Event: 20,124 Thread 0x882a6c00 Threw 0xa8a9e3f0 at /build/buildd/openjdk-7-7u75-2.5.4/build/openjdk/hotspot/src/share/vm/prims/jvm.cpp:1284
Event: 20,125 Thread 0x882a6c00 Threw 0xa8aa1688 at /build/buildd/openjdk-7-7u75-2.5.4/build/openjdk/hotspot/src/share/vm/prims/jvm.cpp:1284
Event: 20,332 Thread 0x882a6c00 Threw 0xa8b5a460 at /build/buildd/openjdk-7-7u75-2.5.4/build/openjdk/hotspot/src/share/vm/prims/jni.cpp:747
Event: 21,870 Thread 0x882a6c00 Threw 0xa8e141f8 at /build/buildd/openjdk-7-7u75-2.5.4/build/openjdk/hotspot/src/share/vm/prims/jni.cpp:747
Event: 23,730 Thread 0x882a6c00 Threw 0xa87d6940 at /build/buildd/openjdk-7-7u75-2.5.4/build/openjdk/hotspot/src/share/vm/prims/jni.cpp:747
Event: 25,242 Thread 0x882a6c00 Threw 0xa8d48e30 at /build/buildd/openjdk-7-7u75-2.5.4/build/openjdk/hotspot/src/share/vm/prims/jvm.cpp:1284
Event: 25,244 Thread 0x882a6c00 Threw 0xa8d4d1e0 at /build/buildd/openjdk-7-7u75-2.5.4/build/openjdk/hotspot/src/share/vm/prims/jvm.cpp:1288
Event: 25,244 Thread 0x882a6c00 Threw 0xa8d4d1e0 at /build/buildd/openjdk-7-7u75-2.5.4/build/openjdk/hotspot/src/share/vm/prims/jvm.cpp:1288

Events (10 events):
Event: 25,242 loading class 0x87ee41f8 done
Event: 25,243 loading class 0x87ee2a58
Event: 25,243 loading class 0x87ee2a58 done
Event: 25,244 loading class 0x8adb5928
Event: 25,244 loading class 0x8adb5928 done
Event: 30,036 Executing VM operation: RevokeBias
Event: 30,036 Executing VM operation: RevokeBias done
Event: 30,036 Thread 0x88250400 Thread exited: 0x88250400
Event: 561,687 loading class 0x892dee18
Event: 561,687 loading class 0x892dee18 done


Dynamic libraries:
08048000-08049000 r-xp 00000000 08:07 2761597    /usr/lib/jvm/java-7-openjdk-i386/jre/bin/java
08049000-0804a000 r--p 00000000 08:07 2761597    /usr/lib/jvm/java-7-openjdk-i386/jre/bin/java
0804a000-0804b000 rw-p 00001000 08:07 2761597    /usr/lib/jvm/java-7-openjdk-i386/jre/bin/java
08122000-0837c000 rw-p 00000000 00:00 0          [heap]
87a00000-87b00000 rw-p 00000000 00:00 0 
87baf000-87bb2000 ---p 00000000 00:00 0 
87bb2000-87c00000 rw-p 00000000 00:00 0          [stack:8595]
87c90000-87c93000 ---p 00000000 00:00 0 
87c93000-87ce1000 rw-p 00000000 00:00 0 
87d00000-87d2d000 rw-p 00000000 00:00 0 
87d2d000-87e00000 ---p 00000000 00:00 0 
87e00000-87f00000 rw-p 00000000 00:00 0 
87f7c000-87f80000 r--s 0004d000 08:07 2493949    /usr/lib/jvm/java-7-openjdk-i386/jre/lib/jsse.jar
87f80000-87f83000 ---p 00000000 00:00 0 
87f83000-87fd1000 rw-p 00000000 00:00 0          [stack:8564]
87fd1000-87fd4000 ---p 00000000 00:00 0 
87fd4000-88022000 rw-p 00000000 00:00 0          [stack:8457]
88022000-88025000 ---p 00000000 00:00 0 
88025000-88073000 rw-p 00000000 00:00 0          [stack:8456]
88073000-88084000 r-xp 00000000 08:07 2494265    /usr/lib/jvm/java-7-openjdk-i386/jre/lib/i386/libnio.so
88084000-88085000 r--p 00010000 08:07 2494265    /usr/lib/jvm/java-7-openjdk-i386/jre/lib/i386/libnio.so
88085000-88086000 rw-p 00011000 08:07 2494265    /usr/lib/jvm/java-7-openjdk-i386/jre/lib/i386/libnio.so
88086000-88087000 r--s 00000000 08:07 1061135    /var/cache/fontconfig/c05880de57d1f5e948fdfacc138775d9-le32d4.cache-4
88087000-8808f000 r--s 00000000 08:07 1059585    /var/cache/fontconfig/945677eb7aeaf62f1d50efc3fb3ec7d8-le32d4.cache-4
8808f000-88091000 r--s 00000000 08:07 1061130    /var/cache/fontconfig/99e8ed0e538f840c565b6ed5dad60d56-le32d4.cache-4
88091000-88097000 r--s 00000000 08:07 1061128    /var/cache/fontconfig/a6d8cf8e4ec09cdbc8633c31745a07dd-le32d4.cache-4
88097000-8809b000 r--s 00000000 08:07 1061125    /var/cache/fontconfig/2cd17615ca594fa2959ae173292e504c-le32d4.cache-4
8809b000-8809c000 r--s 00000000 08:07 1061124    /var/cache/fontconfig/e7071f4a29fa870f4323321c154eba04-le32d4.cache-4
8809c000-8809d000 r--s 00000000 08:07 1061122    /var/cache/fontconfig/0d8c3b2ac0904cb8a57a757ad11a4a08-le32d4.cache-4
8809d000-880a2000 r--s 00000000 08:07 1061119    /var/cache/fontconfig/a755afe4a08bf5b97852ceb7400b47bc-le32d4.cache-4
880a2000-880a5000 r--s 00000000 08:07 1067469    /var/cache/fontconfig/6d41288fd70b0be22e8c3a91e032eec0-le32d4.cache-4
880a5000-880a8000 r--s 00000000 08:07 1062344    /var/cache/fontconfig/de156ccd2eddbdc19d37a45b8b2aac9c-le32d4.cache-4
880a8000-880b7000 r--s 00000000 08:07 1061116    /var/cache/fontconfig/04aabc0a78ac019cf9454389977116d2-le32d4.cache-4
880b7000-880b8000 r--s 00000000 08:07 1061114    /var/cache/fontconfig/1ac9eb803944fde146138c791f5cc56a-le32d4.cache-4
880b8000-880bb000 r--s 00000000 08:07 1061113    /var/cache/fontconfig/385c0604a188198f04d133e54aba7fe7-le32d4.cache-4
880bb000-880bc000 r--s 00000000 08:07 1061111    /var/cache/fontconfig/dc05db6664285cc2f12bf69c139ae4c3-le32d4.cache-4
880bc000-880be000 r--s 00000000 08:07 1061110    /var/cache/fontconfig/767a8244fc0220cfb567a839d0392e0b-le32d4.cache-4
880be000-880bf000 r--s 00000000 08:07 1052656    /var/cache/fontconfig/4794a0821666d79190d59a36cb4f44b5-le32d4.cache-4
880bf000-880c3000 r--s 00000000 08:07 1061108    /var/cache/fontconfig/8801497958630a81b71ace7c5f9b32a8-le32d4.cache-4
880c3000-880f2000 r--s 00000000 08:07 1061107    /var/cache/fontconfig/365b55f210c0a22e9a19e35191240f32-le32d4.cache-4
880f2000-880f7000 r--s 00000000 08:07 1061106    /var/cache/fontconfig/3047814df9a2f067bd2d96a2b9c36e5a-le32d4.cache-4
880f7000-880fb000 r--s 00000000 08:07 1061100    /var/cache/fontconfig/b47c4e1ecd0709278f4910c18777a504-le32d4.cache-4
880fb000-8810b000 r--s 00000000 08:07 1061094    /var/cache/fontconfig/d52a8644073d54c13679302ca1180695-le32d4.cache-4
8810b000-8815b000 r-xp 00000000 08:07 2496435    /usr/lib/jvm/java-7-openjdk-i386/jre/lib/i386/libfontmanager.so
8815b000-8815d000 r--p 0004f000 08:07 2496435    /usr/lib/jvm/java-7-openjdk-i386/jre/lib/i386/libfontmanager.so
8815d000-8815e000 rw-p 00051000 08:07 2496435    /usr/lib/jvm/java-7-openjdk-i386/jre/lib/i386/libfontmanager.so
8815e000-88161000 ---p 00000000 00:00 0 
88161000-881af000 rw-p 00000000 00:00 0          [stack:8446]
881af000-881b2000 ---p 00000000 00:00 0 
881b2000-88200000 rw-p 00000000 00:00 0          [stack:8445]
88200000-882fa000 rw-p 00000000 00:00 0 
882fa000-88300000 ---p 00000000 00:00 0 
88300000-88301000 r--s 00000000 08:07 1061105    /var/cache/fontconfig/56cf4f4769d0f4abc89a4895d7bd3ae1-le32d4.cache-4
88301000-88308000 r--s 00000000 08:07 1061095    /var/cache/fontconfig/52f7bdb7ce746bfd7eaa1985bd9cfa93-le32d4.cache-4
88308000-8830f000 r--s 00000000 08:07 1066251    /var/cache/fontconfig/3f7329c5293ffd510edef78f73874cfd-le32d4.cache-4
8830f000-88318000 r--s 00000000 08:07 1061070    /var/cache/fontconfig/d589a48862398ed80a3d6066f4f56f4c-le32d4.cache-4
88318000-8832f000 r-xp 00000000 08:07 2495522    /usr/lib/jvm/java-7-openjdk-i386/jre/lib/i386/libnet.so
8832f000-88330000 r--p 00017000 08:07 2495522    /usr/lib/jvm/java-7-openjdk-i386/jre/lib/i386/libnet.so
88330000-88331000 rw-p 00018000 08:07 2495522    /usr/lib/jvm/java-7-openjdk-i386/jre/lib/i386/libnet.so
88331000-88334000 r-xp 00000000 08:07 1439997    /lib/i386-linux-gnu/libgpg-error.so.0.10.0
88334000-88335000 r--p 00002000 08:07 1439997    /lib/i386-linux-gnu/libgpg-error.so.0.10.0
88335000-88336000 rw-p 00003000 08:07 1439997    /lib/i386-linux-gnu/libgpg-error.so.0.10.0
88336000-88338000 r-xp 00000000 08:07 1440007    /lib/i386-linux-gnu/libkeyutils.so.1.4
88338000-88339000 r--p 00002000 08:07 1440007    /lib/i386-linux-gnu/libkeyutils.so.1.4
88339000-8833a000 rw-p 00003000 08:07 1440007    /lib/i386-linux-gnu/libkeyutils.so.1.4
8833a000-88376000 r-xp 00000000 08:07 1440067    /lib/i386-linux-gnu/libpcre.so.3.13.1
88376000-88377000 r--p 0003b000 08:07 1440067    /lib/i386-linux-gnu/libpcre.so.3.13.1
88377000-88378000 rw-p 0003c000 08:07 1440067    /lib/i386-linux-gnu/libpcre.so.3.13.1
88378000-8839e000 r-xp 00000000 08:07 1440079    /lib/i386-linux-gnu/libpng12.so.0.50.0
8839e000-8839f000 r--p 00025000 08:07 1440079    /lib/i386-linux-gnu/libpng12.so.0.50.0
8839f000-883a0000 rw-p 00026000 08:07 1440079    /lib/i386-linux-gnu/libpng12.so.0.50.0
883a0000-883e9000 r-xp 00000000 08:07 1451626    /lib/i386-linux-gnu/libdbus-1.so.3.7.6
883e9000-883ea000 r--p 00048000 08:07 1451626    /lib/i386-linux-gnu/libdbus-1.so.3.7.6
883ea000-883eb000 rw-p 00049000 08:07 1451626    /lib/i386-linux-gnu/libdbus-1.so.3.7.6
883eb000-88422000 r-xp 00000000 08:07 2491544    /usr/lib/i386-linux-gnu/libp11-kit.so.0.0.0
88422000-88423000 ---p 00037000 08:07 2491544    /usr/lib/i386-linux-gnu/libp11-kit.so.0.0.0
88423000-88426000 r--p 00037000 08:07 2491544    /usr/lib/i386-linux-gnu/libp11-kit.so.0.0.0
88426000-88427000 rw-p 0003a000 08:07 2491544    /usr/lib/i386-linux-gnu/libp11-kit.so.0.0.0
88427000-88439000 r-xp 00000000 08:07 2486603    /usr/lib/i386-linux-gnu/libtasn1.so.6.2.0
88439000-8843a000 r--p 00011000 08:07 2486603    /usr/lib/i386-linux-gnu/libtasn1.so.6.2.0
8843a000-8843b000 rw-p 00012000 08:07 2486603    /usr/lib/i386-linux-gnu/libtasn1.so.6.2.0
8843b000-884bd000 r-xp 00000000 08:07 1440095    /lib/i386-linux-gnu/libgcrypt.so.11.8.2
884bd000-884be000 ---p 00082000 08:07 1440095    /lib/i386-linux-gnu/libgcrypt.so.11.8.2
884be000-884bf000 r--p 00082000 08:07 1440095    /lib/i386-linux-gnu/libgcrypt.so.11.8.2
884bf000-884c1000 rw-p 00083000 08:07 1440095    /lib/i386-linux-gnu/libgcrypt.so.11.8.2
884c1000-884c2000 rw-p 00000000 00:00 0 
884c2000-884cc000 r-xp 00000000 08:07 2486418    /usr/lib/i386-linux-gnu/libkrb5support.so.0.1
884cc000-884cd000 r--p 00009000 08:07 2486418    /usr/lib/i386-linux-gnu/libkrb5support.so.0.1
884cd000-884ce000 rw-p 0000a000 08:07 2486418    /usr/lib/i386-linux-gnu/libkrb5support.so.0.1
884ce000-884d1000 r-xp 00000000 08:07 1439988    /lib/i386-linux-gnu/libcom_err.so.2.1
884d1000-884d2000 r--p 00002000 08:07 1439988    /lib/i386-linux-gnu/libcom_err.so.2.1
884d2000-884d3000 rw-p 00003000 08:07 1439988    /lib/i386-linux-gnu/libcom_err.so.2.1
884d3000-88501000 r-xp 00000000 08:07 2485656    /usr/lib/i386-linux-gnu/libk5crypto.so.3.1
88501000-88502000 r--p 0002d000 08:07 2485656    /usr/lib/i386-linux-gnu/libk5crypto.so.3.1
88502000-88503000 rw-p 0002e000 08:07 2485656    /usr/lib/i386-linux-gnu/libk5crypto.so.3.1
88503000-885ba000 r-xp 00000000 08:07 2486146    /usr/lib/i386-linux-gnu/libkrb5.so.3.3
885ba000-885c0000 r--p 000b7000 08:07 2486146    /usr/lib/i386-linux-gnu/libkrb5.so.3.3
885c0000-885c1000 rw-p 000bd000 08:07 2486146    /usr/lib/i386-linux-gnu/libkrb5.so.3.3
885c1000-885c6000 r-xp 00000000 08:07 2490828    /usr/lib/i386-linux-gnu/libXdmcp.so.6.0.0
885c6000-885c7000 r--p 00004000 08:07 2490828    /usr/lib/i386-linux-gnu/libXdmcp.so.6.0.0
885c7000-885c8000 rw-p 00005000 08:07 2490828    /usr/lib/i386-linux-gnu/libXdmcp.so.6.0.0
885c8000-885db000 r-xp 00000000 08:07 1451634    /lib/i386-linux-gnu/libresolv-2.19.so
885db000-885dc000 ---p 00013000 08:07 1451634    /lib/i386-linux-gnu/libresolv-2.19.so
885dc000-885dd000 r--p 00013000 08:07 1451634    /lib/i386-linux-gnu/libresolv-2.19.so
885dd000-885de000 rw-p 00014000 08:07 1451634    /lib/i386-linux-gnu/libresolv-2.19.so
885de000-885e0000 rw-p 00000000 00:00 0 
885e0000-88600000 r-xp 00000000 08:07 1438981    /lib/i386-linux-gnu/libselinux.so.1
88600000-88601000 r--p 0001f000 08:07 1438981    /lib/i386-linux-gnu/libselinux.so.1
88601000-88602000 rw-p 00020000 08:07 1438981    /lib/i386-linux-gnu/libselinux.so.1
88602000-88603000 rw-p 00000000 00:00 0 
88603000-8870d000 r-xp 00000000 08:07 1439067    /lib/i386-linux-gnu/libglib-2.0.so.0.4002.0
8870d000-8870e000 r--p 00109000 08:07 1439067    /lib/i386-linux-gnu/libglib-2.0.so.0.4002.0
8870e000-8870f000 rw-p 0010a000 08:07 1439067    /lib/i386-linux-gnu/libglib-2.0.so.0.4002.0
8870f000-88734000 r-xp 00000000 08:07 1439986    /lib/i386-linux-gnu/libexpat.so.1.6.0
88734000-88735000 ---p 00025000 08:07 1439986    /lib/i386-linux-gnu/libexpat.so.1.6.0
88735000-88737000 r--p 00025000 08:07 1439986    /lib/i386-linux-gnu/libexpat.so.1.6.0
88737000-88738000 rw-p 00027000 08:07 1439986    /lib/i386-linux-gnu/libexpat.so.1.6.0
88738000-887d3000 r-xp 00000000 08:07 2486204    /usr/lib/i386-linux-gnu/libfreetype.so.6.11.1
887d3000-887d7000 r--p 0009a000 08:07 2486204    /usr/lib/i386-linux-gnu/libfreetype.so.6.11.1
887d7000-887d8000 rw-p 0009e000 08:07 2486204    /usr/lib/i386-linux-gnu/libfreetype.so.6.11.1
887d8000-887e8000 r-xp 00000000 08:07 2490921    /usr/lib/i386-linux-gnu/libavahi-client.so.3.2.9
887e8000-887e9000 r--p 0000f000 08:07 2490921    /usr/lib/i386-linux-gnu/libavahi-client.so.3.2.9
887e9000-887ea000 rw-p 00010000 08:07 2490921    /usr/lib/i386-linux-gnu/libavahi-client.so.3.2.9
887ea000-887f6000 r-xp 00000000 08:07 2490923    /usr/lib/i386-linux-gnu/libavahi-common.so.3.5.3
887f6000-887f7000 r--p 0000b000 08:07 2490923    /usr/lib/i386-linux-gnu/libavahi-common.so.3.5.3
887f7000-887f8000 rw-p 0000c000 08:07 2490923    /usr/lib/i386-linux-gnu/libavahi-common.so.3.5.3
887f8000-888b9000 r-xp 00000000 08:07 2491221    /usr/lib/i386-linux-gnu/libgnutls.so.26.22.6
888b9000-888bd000 r--p 000c0000 08:07 2491221    /usr/lib/i386-linux-gnu/libgnutls.so.26.22.6
888bd000-888be000 rw-p 000c4000 08:07 2491221    /usr/lib/i386-linux-gnu/libgnutls.so.26.22.6
888be000-88901000 r-xp 00000000 08:07 2485849    /usr/lib/i386-linux-gnu/libgssapi_krb5.so.2.2
88901000-88902000 r--p 00042000 08:07 2485849    /usr/lib/i386-linux-gnu/libgssapi_krb5.so.2.2
88902000-88903000 rw-p 00043000 08:07 2485849    /usr/lib/i386-linux-gnu/libgssapi_krb5.so.2.2
88903000-88923000 r-xp 00000000 08:07 2491881    /usr/lib/i386-linux-gnu/libxcb.so.1.1.0
88923000-88924000 r--p 0001f000 08:07 2491881    /usr/lib/i386-linux-gnu/libxcb.so.1.1.0
88924000-88925000 rw-p 00020000 08:07 2491881    /usr/lib/i386-linux-gnu/libxcb.so.1.1.0
88925000-88975000 r-xp 00000000 08:07 2485890    /usr/lib/i386-linux-gnu/libgobject-2.0.so.0.4002.0
88975000-88976000 r--p 0004f000 08:07 2485890    /usr/lib/i386-linux-gnu/libgobject-2.0.so.0.4002.0
88976000-88977000 rw-p 00050000 08:07 2485890    /usr/lib/i386-linux-gnu/libgobject-2.0.so.0.4002.0
88977000-88af4000 r-xp 00000000 08:07 2485959    /usr/lib/i386-linux-gnu/libgio-2.0.so.0.4002.0
88af4000-88af6000 r--p 0017d000 08:07 2485959    /usr/lib/i386-linux-gnu/libgio-2.0.so.0.4002.0
88af6000-88af7000 rw-p 0017f000 08:07 2485959    /usr/lib/i386-linux-gnu/libgio-2.0.so.0.4002.0
88af7000-88af8000 rw-p 00000000 00:00 0 
88af8000-88b31000 r-xp 00000000 08:07 2485736    /usr/lib/i386-linux-gnu/libfontconfig.so.1.8.0
88b31000-88b32000 r--p 00039000 08:07 2485736    /usr/lib/i386-linux-gnu/libfontconfig.so.1.8.0
88b32000-88b33000 rw-p 0003a000 08:07 2485736    /usr/lib/i386-linux-gnu/libfontconfig.so.1.8.0
88b33000-88b9a000 r-xp 00000000 08:07 2487084    /usr/lib/i386-linux-gnu/libcups.so.2
88b9a000-88b9b000 ---p 00067000 08:07 2487084    /usr/lib/i386-linux-gnu/libcups.so.2
88b9b000-88b9f000 r--p 00067000 08:07 2487084    /usr/lib/i386-linux-gnu/libcups.so.2
88b9f000-88ba0000 rw-p 0006b000 08:07 2487084    /usr/lib/i386-linux-gnu/libcups.so.2
88ba0000-88cd0000 r-xp 00000000 08:07 2490813    /usr/lib/i386-linux-gnu/libX11.so.6.3.0
88cd0000-88cd1000 r--p 00130000 08:07 2490813    /usr/lib/i386-linux-gnu/libX11.so.6.3.0
88cd1000-88cd3000 rw-p 00131000 08:07 2490813    /usr/lib/i386-linux-gnu/libX11.so.6.3.0
88cd3000-88cd4000 rw-p 00000000 00:00 0 
88cd4000-88d1c000 r-xp 00000000 08:07 2750614    /usr/lib/jvm/java-7-openjdk-i386/jre/lib/i386/xawt/libmawt.so
88d1c000-88d1d000 r--p 00047000 08:07 2750614    /usr/lib/jvm/java-7-openjdk-i386/jre/lib/i386/xawt/libmawt.so
88d1d000-88d1f000 rw-p 00048000 08:07 2750614    /usr/lib/jvm/java-7-openjdk-i386/jre/lib/i386/xawt/libmawt.so
88d1f000-88d20000 rw-p 00000000 00:00 0 
88d20000-88daf000 r-xp 00000000 08:07 2493955    /usr/lib/jvm/java-7-openjdk-i386/jre/lib/i386/libawt.so
88daf000-88db0000 r--p 0008f000 08:07 2493955    /usr/lib/jvm/java-7-openjdk-i386/jre/lib/i386/libawt.so
88db0000-88db7000 rw-p 00090000 08:07 2493955    /usr/lib/jvm/java-7-openjdk-i386/jre/lib/i386/libawt.so
88db7000-88ddb000 rw-p 00000000 00:00 0 
88ddb000-88ddc000 ---p 00000000 00:00 0 
88ddc000-88e5c000 rw-p 00000000 00:00 0          [stack:8444]
88e5c000-88e5f000 ---p 00000000 00:00 0 
88e5f000-88ead000 rw-p 00000000 00:00 0          [stack:8443]
88ead000-88eb0000 ---p 00000000 00:00 0 
88eb0000-88f2e000 rw-p 00000000 00:00 0          [stack:8442]
88f2e000-88f31000 ---p 00000000 00:00 0 
88f31000-88faf000 rw-p 00000000 00:00 0          [stack:8441]
88faf000-88fb2000 ---p 00000000 00:00 0 
88fb2000-89000000 rw-p 00000000 00:00 0          [stack:8440]
89000000-89200000 r--p 00000000 08:07 2494246    /usr/lib/locale/locale-archive
89200000-892fd000 rw-p 00000000 00:00 0 
892fd000-89300000 ---p 00000000 00:00 0 
89300000-89301000 r--s 00000000 08:07 1061102    /var/cache/fontconfig/b9d506c9ac06c20b433354fa67a72993-le32d4.cache-4
89301000-89302000 r--s 00000000 08:07 1061066    /var/cache/fontconfig/0c9eb80ebd1c36541ebe2852d3bb0c49-le32d4.cache-4
89302000-89307000 r-xp 00000000 08:07 2491095    /usr/lib/i386-linux-gnu/libffi.so.6.0.1
89307000-89308000 r--p 00005000 08:07 2491095    /usr/lib/i386-linux-gnu/libffi.so.6.0.1
89308000-89309000 rw-p 00006000 08:07 2491095    /usr/lib/i386-linux-gnu/libffi.so.6.0.1
89309000-89318000 r-xp 00000000 08:07 2490838    /usr/lib/i386-linux-gnu/libXi.so.6.1.0
89318000-89319000 r--p 0000e000 08:07 2490838    /usr/lib/i386-linux-gnu/libXi.so.6.1.0
89319000-8931a000 rw-p 0000f000 08:07 2490838    /usr/lib/i386-linux-gnu/libXi.so.6.1.0
8931a000-8932b000 r-xp 00000000 08:07 2490830    /usr/lib/i386-linux-gnu/libXext.so.6.4.0
8932b000-8932c000 r--p 00010000 08:07 2490830    /usr/lib/i386-linux-gnu/libXext.so.6.4.0
8932c000-8932d000 rw-p 00011000 08:07 2490830    /usr/lib/i386-linux-gnu/libXext.so.6.4.0
8932d000-89330000 ---p 00000000 00:00 0 
89330000-8937e000 rw-p 00000000 00:00 0          [stack:8439]
8937e000-89381000 ---p 00000000 00:00 0 
89381000-893cf000 rw-p 00000000 00:00 0          [stack:8438]
893cf000-89580000 r--s 01d23000 08:07 2500539    /usr/lib/jvm/java-7-openjdk-i386/jre/lib/rt.jar
89580000-8ac00000 rw-p 00000000 00:00 0 
8ac00000-8ad00000 rw-p 00000000 00:00 0 
8ad00000-8ad03000 r--s 00000000 08:07 1067463    /var/cache/fontconfig/7ef2298fde41cc6eeb7af42e48b7d293-le32d4.cache-4
8ad03000-8ad06000 r-xp 00000000 08:07 2490878    /usr/lib/i386-linux-gnu/libgmodule-2.0.so.0.4002.0
8ad06000-8ad07000 r--p 00002000 08:07 2490878    /usr/lib/i386-linux-gnu/libgmodule-2.0.so.0.4002.0
8ad07000-8ad08000 rw-p 00003000 08:07 2490878    /usr/lib/i386-linux-gnu/libgmodule-2.0.so.0.4002.0
8ad08000-8ad0a000 r--s 00000000 08:07 1059536    /var/cache/fontconfig/e13b20fdb08344e0e664864cc2ede53d-le32d4.cache-4
8ad0a000-8ad0e000 r-xp 00000000 08:07 2490832    /usr/lib/i386-linux-gnu/libXfixes.so.3.1.0
8ad0e000-8ad0f000 r--p 00003000 08:07 2490832    /usr/lib/i386-linux-gnu/libXfixes.so.3.1.0
8ad0f000-8ad10000 rw-p 00004000 08:07 2490832    /usr/lib/i386-linux-gnu/libXfixes.so.3.1.0
8ad10000-8ad19000 r-xp 00000000 08:07 2490824    /usr/lib/i386-linux-gnu/libXcursor.so.1.0.2
8ad19000-8ad1a000 r--p 00008000 08:07 2490824    /usr/lib/i386-linux-gnu/libXcursor.so.1.0.2
8ad1a000-8ad1b000 rw-p 00009000 08:07 2490824    /usr/lib/i386-linux-gnu/libXcursor.so.1.0.2
8ad1b000-8ad24000 r--s 000b9000 08:07 2500491    /usr/lib/jvm/java-7-openjdk-i386/jre/lib/resources.jar
8ad24000-8ad25000 ---p 00000000 00:00 0 
8ad25000-8ae00000 rw-p 00000000 00:00 0          [stack:8437]
8ae00000-8ae21000 rw-p 00000000 00:00 0 
8ae21000-8af00000 ---p 00000000 00:00 0 
8af00000-8af02000 r--s 00000000 08:07 2229504    /home/blegoh/.cache/fontconfig/1521e5b73faacdf17a4db489c63aa49a-le32d4.cache-4
8af02000-8af07000 r-xp 00000000 08:07 2490858    /usr/lib/i386-linux-gnu/libXtst.so.6.1.0
8af07000-8af08000 r--p 00004000 08:07 2490858    /usr/lib/i386-linux-gnu/libXtst.so.6.1.0
8af08000-8af09000 rw-p 00005000 08:07 2490858    /usr/lib/i386-linux-gnu/libXtst.so.6.1.0
8af09000-8af52000 rw-p 00000000 00:00 0 
8af52000-8af53000 ---p 00000000 00:00 0 
8af53000-8afd3000 rw-p 00000000 00:00 0          [stack:8436]
8afd3000-8afd4000 ---p 00000000 00:00 0 
8afd4000-8b05f000 rw-p 00000000 00:00 0          [stack:8435]
8b05f000-8b0ff000 rw-p 00000000 00:00 0 
8b0ff000-8b107000 rw-p 00000000 00:00 0 
8b107000-8b13f000 rw-p 00000000 00:00 0 
8b13f000-8b14a000 rw-p 00000000 00:00 0 
8b14a000-8b1e9000 rw-p 00000000 00:00 0 
8b1e9000-8b1f3000 rw-p 00000000 00:00 0 
8b1f3000-8b23f000 rw-p 00000000 00:00 0 
8b23f000-8c240000 rw-p 00000000 00:00 0 
8c240000-93240000 rw-p 00000000 00:00 0 
93240000-946c0000 rw-p 00000000 00:00 0 
946c0000-a8780000 rw-p 00000000 00:00 0 
a8780000-a9880000 rw-p 00000000 00:00 0 
a9880000-b3240000 rw-p 00000000 00:00 0 
b3240000-b3249000 rw-p 00000000 00:00 0 
b3249000-b3300000 rw-p 00000000 00:00 0 
b3300000-b3540000 rwxp 00000000 00:00 0 
b3540000-b63fc000 rw-p 00000000 00:00 0 
b63fc000-b6400000 ---p 00000000 00:00 0 
b6400000-b6402000 r-xp 00000000 08:07 2490817    /usr/lib/i386-linux-gnu/libXau.so.6.0.0
b6402000-b6403000 r--p 00001000 08:07 2490817    /usr/lib/i386-linux-gnu/libXau.so.6.0.0
b6403000-b6404000 rw-p 00002000 08:07 2490817    /usr/lib/i386-linux-gnu/libXau.so.6.0.0
b6404000-b640d000 r-xp 00000000 08:07 2490852    /usr/lib/i386-linux-gnu/libXrender.so.1.3.0
b640d000-b640e000 r--p 00008000 08:07 2490852    /usr/lib/i386-linux-gnu/libXrender.so.1.3.0
b640e000-b640f000 rw-p 00009000 08:07 2490852    /usr/lib/i386-linux-gnu/libXrender.so.1.3.0
b640f000-b6410000 r--s 00000000 08:07 2629823    /usr/local/netbeans-8.0/java/modules/ext/AbsoluteLayout.jar
b6410000-b6418000 r--s 000c3000 08:07 2502254    /usr/local/netbeans-8.0/ide/modules/ext/mysql-connector-java-5.1.23-bin.jar
b6418000-b641a000 r--s 00006000 08:07 2881234    /usr/share/java/java-atk-wrapper.jar
b641a000-b641e000 r--s 00034000 08:07 2498316    /usr/lib/jvm/java-7-openjdk-i386/jre/lib/ext/sunjce_provider.jar
b641e000-b6421000 r--s 00086000 08:07 2498313    /usr/lib/jvm/java-7-openjdk-i386/jre/lib/ext/localedata.jar
b6421000-b6422000 r--s 00002000 08:07 2498312    /usr/lib/jvm/java-7-openjdk-i386/jre/lib/ext/dnsns.jar
b6422000-b6439000 rw-p 00000000 00:00 0 
b6439000-b6471000 rw-p 00000000 00:00 0 
b6471000-b647c000 r-xp 00000000 08:07 1451636    /lib/i386-linux-gnu/libnss_files-2.19.so
b647c000-b647d000 r--p 0000a000 08:07 1451636    /lib/i386-linux-gnu/libnss_files-2.19.so
b647d000-b647e000 rw-p 0000b000 08:07 1451636    /lib/i386-linux-gnu/libnss_files-2.19.so
b647e000-b6488000 r-xp 00000000 08:07 1440015    /lib/i386-linux-gnu/libnss_nis-2.19.so
b6488000-b6489000 r--p 00009000 08:07 1440015    /lib/i386-linux-gnu/libnss_nis-2.19.so
b6489000-b648a000 rw-p 0000a000 08:07 1440015    /lib/i386-linux-gnu/libnss_nis-2.19.so
b648a000-b649f000 r-xp 00000000 08:07 1440070    /lib/i386-linux-gnu/libnsl-2.19.so
b649f000-b64a0000 r--p 00015000 08:07 1440070    /lib/i386-linux-gnu/libnsl-2.19.so
b64a0000-b64a1000 rw-p 00016000 08:07 1440070    /lib/i386-linux-gnu/libnsl-2.19.so
b64a1000-b64a3000 rw-p 00000000 00:00 0 
b64a3000-b64a6000 r--s 0000f000 08:07 2498314    /usr/lib/jvm/java-7-openjdk-i386/jre/lib/ext/icedtea-sound.jar
b64a6000-b64a8000 r--s 00012000 08:07 2498315    /usr/lib/jvm/java-7-openjdk-i386/jre/lib/ext/zipfs.jar
b64a8000-b64ac000 r--s 0003c000 08:07 2498317    /usr/lib/jvm/java-7-openjdk-i386/jre/lib/ext/sunpkcs11.jar
b64ac000-b64ad000 r--p 00855000 08:07 2494246    /usr/lib/locale/locale-archive
b64ad000-b64b5000 r-xp 00000000 08:07 2494268    /usr/lib/jvm/java-7-openjdk-i386/jre/lib/i386/libzip.so
b64b5000-b64b6000 r--p 00007000 08:07 2494268    /usr/lib/jvm/java-7-openjdk-i386/jre/lib/i386/libzip.so
b64b6000-b64b7000 rw-p 00008000 08:07 2494268    /usr/lib/jvm/java-7-openjdk-i386/jre/lib/i386/libzip.so
b64b7000-b64bf000 rw-s 00000000 08:07 2768779    /tmp/hsperfdata_blegoh/8430
b64bf000-b64e6000 r-xp 00000000 08:07 2493965    /usr/lib/jvm/java-7-openjdk-i386/jre/lib/i386/libjava.so
b64e6000-b64e7000 r--p 00026000 08:07 2493965    /usr/lib/jvm/java-7-openjdk-i386/jre/lib/i386/libjava.so
b64e7000-b64e8000 rw-p 00027000 08:07 2493965    /usr/lib/jvm/java-7-openjdk-i386/jre/lib/i386/libjava.so
b64e8000-b64ef000 r-xp 00000000 08:07 1451637    /lib/i386-linux-gnu/librt-2.19.so
b64ef000-b64f0000 r--p 00006000 08:07 1451637    /lib/i386-linux-gnu/librt-2.19.so
b64f0000-b64f1000 rw-p 00007000 08:07 1451637    /lib/i386-linux-gnu/librt-2.19.so
b64f1000-b64f4000 ---p 00000000 00:00 0 
b64f4000-b6542000 rw-p 00000000 00:00 0          [stack:8434]
b6542000-b655e000 r-xp 00000000 08:07 1439071    /lib/i386-linux-gnu/libgcc_s.so.1
b655e000-b655f000 rw-p 0001b000 08:07 1439071    /lib/i386-linux-gnu/libgcc_s.so.1
b655f000-b65a3000 r-xp 00000000 08:07 1443322    /lib/i386-linux-gnu/libm-2.19.so
b65a3000-b65a4000 r--p 00043000 08:07 1443322    /lib/i386-linux-gnu/libm-2.19.so
b65a4000-b65a5000 rw-p 00044000 08:07 1443322    /lib/i386-linux-gnu/libm-2.19.so
b65a5000-b6681000 r-xp 00000000 08:07 2491721    /usr/lib/i386-linux-gnu/libstdc++.so.6.0.19
b6681000-b6682000 ---p 000dc000 08:07 2491721    /usr/lib/i386-linux-gnu/libstdc++.so.6.0.19
b6682000-b6686000 r--p 000dc000 08:07 2491721    /usr/lib/i386-linux-gnu/libstdc++.so.6.0.19
b6686000-b6687000 rw-p 000e0000 08:07 2491721    /usr/lib/i386-linux-gnu/libstdc++.so.6.0.19
b6687000-b668e000 rw-p 00000000 00:00 0 
b668e000-b707c000 r-xp 00000000 08:07 2495599    /usr/lib/jvm/java-7-openjdk-i386/jre/lib/i386/server/libjvm.so
b707c000-b70ce000 r--p 009ed000 08:07 2495599    /usr/lib/jvm/java-7-openjdk-i386/jre/lib/i386/server/libjvm.so
b70ce000-b70e2000 rw-p 00a3f000 08:07 2495599    /usr/lib/jvm/java-7-openjdk-i386/jre/lib/i386/server/libjvm.so
b70e2000-b7500000 rw-p 00000000 00:00 0 
b7500000-b7518000 r-xp 00000000 08:07 1440127    /lib/i386-linux-gnu/libz.so.1.2.8
b7518000-b7519000 r--p 00017000 08:07 1440127    /lib/i386-linux-gnu/libz.so.1.2.8
b7519000-b751a000 rw-p 00018000 08:07 1440127    /lib/i386-linux-gnu/libz.so.1.2.8
b751a000-b7532000 r-xp 00000000 08:07 1451631    /lib/i386-linux-gnu/libpthread-2.19.so
b7532000-b7533000 r--p 00018000 08:07 1451631    /lib/i386-linux-gnu/libpthread-2.19.so
b7533000-b7534000 rw-p 00019000 08:07 1451631    /lib/i386-linux-gnu/libpthread-2.19.so
b7534000-b7536000 rw-p 00000000 00:00 0 
b7536000-b7539000 r-xp 00000000 08:07 1439944    /lib/i386-linux-gnu/libdl-2.19.so
b7539000-b753a000 r--p 00002000 08:07 1439944    /lib/i386-linux-gnu/libdl-2.19.so
b753a000-b753b000 rw-p 00003000 08:07 1439944    /lib/i386-linux-gnu/libdl-2.19.so
b753b000-b76e3000 r-xp 00000000 08:07 1439080    /lib/i386-linux-gnu/libc-2.19.so
b76e3000-b76e5000 r--p 001a8000 08:07 1439080    /lib/i386-linux-gnu/libc-2.19.so
b76e5000-b76e6000 rw-p 001aa000 08:07 1439080    /lib/i386-linux-gnu/libc-2.19.so
b76e6000-b76e9000 rw-p 00000000 00:00 0 
b76e9000-b76ea000 r--p 00859000 08:07 2494246    /usr/lib/locale/locale-archive
b76ea000-b76f1000 r-xp 00000000 08:07 1451607    /lib/i386-linux-gnu/libnss_compat-2.19.so
b76f1000-b76f2000 r--p 00006000 08:07 1451607    /lib/i386-linux-gnu/libnss_compat-2.19.so
b76f2000-b76f3000 rw-p 00007000 08:07 1451607    /lib/i386-linux-gnu/libnss_compat-2.19.so
b76f3000-b76f4000 rw-p 00000000 00:00 0 
b76f4000-b76f5000 r--p 00000000 00:00 0 
b76f5000-b7703000 r-xp 00000000 08:07 2494267    /usr/lib/jvm/java-7-openjdk-i386/jre/lib/i386/libverify.so
b7703000-b7704000 r--p 0000d000 08:07 2494267    /usr/lib/jvm/java-7-openjdk-i386/jre/lib/i386/libverify.so
b7704000-b7705000 rw-p 0000e000 08:07 2494267    /usr/lib/jvm/java-7-openjdk-i386/jre/lib/i386/libverify.so
b7705000-b7711000 r-xp 00000000 08:07 2616326    /usr/lib/jvm/java-7-openjdk-i386/jre/lib/i386/jli/libjli.so
b7711000-b7712000 r--p 0000c000 08:07 2616326    /usr/lib/jvm/java-7-openjdk-i386/jre/lib/i386/jli/libjli.so
b7712000-b7713000 rw-p 0000d000 08:07 2616326    /usr/lib/jvm/java-7-openjdk-i386/jre/lib/i386/jli/libjli.so
b7713000-b7716000 rw-p 00000000 00:00 0 
b7716000-b7717000 r-xp 00000000 00:00 0          [vdso]
b7717000-b7737000 r-xp 00000000 08:07 1439948    /lib/i386-linux-gnu/ld-2.19.so
b7737000-b7738000 r--p 0001f000 08:07 1439948    /lib/i386-linux-gnu/ld-2.19.so
b7738000-b7739000 rw-p 00020000 08:07 1439948    /lib/i386-linux-gnu/ld-2.19.so
bfcec000-bfced000 rwxp 00000000 00:00 0 
bfd1f000-bfd40000 rw-p 00000000 00:00 0          [stack]

VM Arguments:
jvm_args: -Dfile.encoding=UTF-8 
java_command: blegohchat.BlegohChat
Launcher Type: SUN_STANDARD

Environment Variables:
PATH=/usr/local/sbin:/usr/local/bin:/usr/sbin:/usr/bin:/sbin:/bin:/usr/games:/usr/local/games:/usr/local/rvm/bin
LD_LIBRARY_PATH=/usr/lib/jvm/default-java/jre/lib/amd64:/usr/lib/jvm/default-java/jre/lib/i386:
SHELL=/bin/bash
DISPLAY=:0

Signal Handlers:
SIGSEGV: [libjvm.so+0x80c740], sa_mask[0]=0x7ffbfeff, sa_flags=0x10000004
SIGBUS: [libjvm.so+0x80c740], sa_mask[0]=0x7ffbfeff, sa_flags=0x10000004
SIGFPE: [libjvm.so+0x6847c0], sa_mask[0]=0x7ffbfeff, sa_flags=0x10000004
SIGPIPE: [libjvm.so+0x6847c0], sa_mask[0]=0x7ffbfeff, sa_flags=0x10000004
SIGXFSZ: [libjvm.so+0x6847c0], sa_mask[0]=0x7ffbfeff, sa_flags=0x10000004
SIGILL: [libjvm.so+0x6847c0], sa_mask[0]=0x7ffbfeff, sa_flags=0x10000004
SIGUSR1: SIG_DFL, sa_mask[0]=0x00000000, sa_flags=0x00000000
SIGUSR2: [libjvm.so+0x684650], sa_mask[0]=0x00000004, sa_flags=0x10000004
SIGHUP: [libjvm.so+0x684880], sa_mask[0]=0x7ffbfeff, sa_flags=0x10000004
SIGINT: SIG_IGN, sa_mask[0]=0x00000000, sa_flags=0x00000000
SIGTERM: [libjvm.so+0x684880], sa_mask[0]=0x7ffbfeff, sa_flags=0x10000004
SIGQUIT: [libjvm.so+0x684880], sa_mask[0]=0x7ffbfeff, sa_flags=0x10000004
SIGTRAP: SIG_DFL, sa_mask[0]=0x00000000, sa_flags=0x00000000


---------------  S Y S T E M  ---------------

OS:Ubuntu 14.04 (trusty)
uname:Linux 3.13.0-27-generic #50-Ubuntu SMP Thu May 15 18:08:16 UTC 2014 i686
libc:glibc 2.19 NPTL 2.19 
rlimit: STACK 8192k, CORE 0k, NPROC 15626, NOFILE 4096, AS infinity
load average:0,76 0,87 1,33

/proc/meminfo:
MemTotal:        2029284 kB
MemFree:          370596 kB
Buffers:          109756 kB
Cached:           466840 kB
SwapCached:         3140 kB
Active:           660960 kB
Inactive:         866228 kB
Active(anon):     537016 kB
Inactive(anon):   683976 kB
Active(file):     123944 kB
Inactive(file):   182252 kB
Unevictable:          32 kB
Mlocked:              32 kB
HighTotal:       1148424 kB
HighFree:         188440 kB
LowTotal:         880860 kB
LowFree:          182156 kB
SwapTotal:       2059260 kB
SwapFree:        2023428 kB
Dirty:               196 kB
Writeback:             0 kB
AnonPages:        947620 kB
Mapped:            81628 kB
Shmem:            270292 kB
Slab:              93232 kB
SReclaimable:      73452 kB
SUnreclaim:        19780 kB
KernelStack:        4208 kB
PageTables:         7432 kB
NFS_Unstable:          0 kB
Bounce:                0 kB
WritebackTmp:          0 kB
CommitLimit:     3073900 kB
Committed_AS:    3823456 kB
VmallocTotal:     122880 kB
VmallocUsed:       17000 kB
VmallocChunk:     100716 kB
HardwareCorrupted:     0 kB
AnonHugePages:    555008 kB
HugePages_Total:       0
HugePages_Free:        0
HugePages_Rsvd:        0
HugePages_Surp:        0
Hugepagesize:       2048 kB
DirectMap4k:       32760 kB
DirectMap2M:      880640 kB


CPU:total 2 (2 cores per cpu, 1 threads per core) family 6 model 23 stepping 10, cmov, cx8, fxsr, mmx, sse, sse2, sse3, ssse3, sse4.1, tsc

/proc/cpuinfo:
processor	: 0
vendor_id	: GenuineIntel
cpu family	: 6
model		: 23
model name	: Intel(R) Core(TM)2 Duo CPU     T6570  @ 2.10GHz
stepping	: 10
microcode	: 0xa07
cpu MHz		: 2101.000
cache size	: 2048 KB
physical id	: 0
siblings	: 2
core id		: 0
cpu cores	: 2
apicid		: 0
initial apicid	: 0
fdiv_bug	: no
f00f_bug	: no
coma_bug	: no
fpu		: yes
fpu_exception	: yes
cpuid level	: 13
wp		: yes
flags		: fpu vme de pse tsc msr pae mce cx8 apic sep mtrr pge mca cmov pat pse36 clflush dts acpi mmx fxsr sse sse2 ss ht tm pbe nx lm constant_tsc arch_perfmon pebs bts aperfmperf pni dtes64 monitor ds_cpl vmx est tm2 ssse3 cx16 xtpr pdcm sse4_1 xsave lahf_lm ida dtherm tpr_shadow vnmi flexpriority
bogomips	: 4189.76
clflush size	: 64
cache_alignment	: 64
address sizes	: 36 bits physical, 48 bits virtual
power management:

processor	: 1
vendor_id	: GenuineIntel
cpu family	: 6
model		: 23
model name	: Intel(R) Core(TM)2 Duo CPU     T6570  @ 2.10GHz
stepping	: 10
microcode	: 0xa07
cpu MHz		: 2101.000
cache size	: 2048 KB
physical id	: 0
siblings	: 2
core id		: 1
cpu cores	: 2
apicid		: 1
initial apicid	: 1
fdiv_bug	: no
f00f_bug	: no
coma_bug	: no
fpu		: yes
fpu_exception	: yes
cpuid level	: 13
wp		: yes
flags		: fpu vme de pse tsc msr pae mce cx8 apic sep mtrr pge mca cmov pat pse36 clflush dts acpi mmx fxsr sse sse2 ss ht tm pbe nx lm constant_tsc arch_perfmon pebs bts aperfmperf pni dtes64 monitor ds_cpl vmx est tm2 ssse3 cx16 xtpr pdcm sse4_1 xsave lahf_lm ida dtherm tpr_shadow vnmi flexpriority
bogomips	: 4189.76
clflush size	: 64
cache_alignment	: 64
address sizes	: 36 bits physical, 48 bits virtual
power management:



Memory: 4k page, physical 2029284k(370596k free), swap 2059260k(2023428k free)

vm_info: OpenJDK Server VM (24.75-b04) for linux-x86 JRE (1.7.0_75-b13), built on Jan 27 2015 00:41:34 by "buildd" with gcc 4.8.2

time: Tue Apr  7 07:09:50 2015
elapsed time: 562 seconds

